2015-04-07 12:36:15.251  INFO 10616 [main] --- com.vacation.order.Application           : Starting Application on Varrsha with PID 10616 (D:\project\smartOrderBookingSyncApp\repo\target\classes started by varrsha in D:\project\smartOrderBookingSyncApp\repo)
2015-04-07 12:36:15.343  INFO 10616 [main] --- ationConfigEmbeddedWebApplicationContext : Refreshing org.springframework.boot.context.embedded.AnnotationConfigEmbeddedWebApplicationContext@1fbbd7b2: startup date [Tue Apr 07 12:36:15 IST 2015]; root of context hierarchy
2015-04-07 12:36:16.626  INFO 10616 [main] --- o.s.b.f.s.DefaultListableBeanFactory     : Overriding bean definition for bean 'beanNameViewResolver': replacing [Root bean: class [null]; scope=; abstract=false; lazyInit=false; autowireMode=3; dependencyCheck=0; autowireCandidate=true; primary=false; factoryBeanName=org.springframework.boot.autoconfigure.web.ErrorMvcAutoConfiguration$WhitelabelErrorViewConfiguration; factoryMethodName=beanNameViewResolver; initMethodName=null; destroyMethodName=(inferred); defined in class path resource [org/springframework/boot/autoconfigure/web/ErrorMvcAutoConfiguration$WhitelabelErrorViewConfiguration.class]] with [Root bean: class [null]; scope=; abstract=false; lazyInit=false; autowireMode=3; dependencyCheck=0; autowireCandidate=true; primary=false; factoryBeanName=org.springframework.boot.autoconfigure.web.WebMvcAutoConfiguration$WebMvcAutoConfigurationAdapter; factoryMethodName=beanNameViewResolver; initMethodName=null; destroyMethodName=(inferred); defined in class path resource [org/springframework/boot/autoconfigure/web/WebMvcAutoConfiguration$WebMvcAutoConfigurationAdapter.class]]
2015-04-07 12:36:17.028  INFO 10616 [main] --- o.s.b.f.s.DefaultListableBeanFactory     : Overriding bean definition for bean 'ignoredPathsWebSecurityConfigurerAdapter': replacing [Root bean: class [null]; scope=; abstract=false; lazyInit=false; autowireMode=3; dependencyCheck=0; autowireCandidate=true; primary=false; factoryBeanName=org.springframework.boot.autoconfigure.security.SpringBootWebSecurityConfiguration; factoryMethodName=ignoredPathsWebSecurityConfigurerAdapter; initMethodName=null; destroyMethodName=(inferred); defined in class path resource [org/springframework/boot/autoconfigure/security/SpringBootWebSecurityConfiguration.class]] with [Root bean: class [null]; scope=; abstract=false; lazyInit=false; autowireMode=3; dependencyCheck=0; autowireCandidate=true; primary=false; factoryBeanName=org.springframework.boot.actuate.autoconfigure.ManagementSecurityAutoConfiguration; factoryMethodName=ignoredPathsWebSecurityConfigurerAdapter; initMethodName=null; destroyMethodName=(inferred); defined in class path resource [org/springframework/boot/actuate/autoconfigure/ManagementSecurityAutoConfiguration.class]]
2015-04-07 12:36:18.055  INFO 10616 [main] --- .b.l.ClasspathLoggingApplicationListener : Application failed to start with classpath: [file:/D:/project/smartOrderBookingSyncApp/repo/src/main/resources/, file:/D:/project/smartOrderBookingSyncApp/repo/src/main/resources/, file:/D:/project/smartOrderBookingSyncApp/repo/target/classes/, file:/C:/Users/varrsha/.m2/repository/org/springframework/spring-core/4.0.6.RELEASE/spring-core-4.0.6.RELEASE.jar, file:/C:/Users/varrsha/.m2/repository/org/apache/oltu/oauth2/org.apache.oltu.oauth2.client/1.0.0/org.apache.oltu.oauth2.client-1.0.0.jar, file:/C:/Users/varrsha/.m2/repository/org/objenesis/objenesis/2.1/objenesis-2.1.jar, file:/C:/Users/varrsha/.m2/repository/org/springframework/spring-web/4.0.6.RELEASE/spring-web-4.0.6.RELEASE.jar, file:/C:/Users/varrsha/.m2/repository/org/springframework/security/spring-security-config/3.2.4.RELEASE/spring-security-config-3.2.4.RELEASE.jar, file:/C:/Users/varrsha/.m2/repository/org/springframework/boot/spring-boot-starter-logging/1.1.5.RELEASE/spring-boot-starter-logging-1.1.5.RELEASE.jar, file:/C:/Users/varrsha/.m2/repository/org/apache/tomcat/embed/tomcat-embed-core/7.0.54/tomcat-embed-core-7.0.54.jar, file:/C:/Users/varrsha/.m2/repository/org/springframework/boot/spring-boot-actuator/1.1.5.RELEASE/spring-boot-actuator-1.1.5.RELEASE.jar, file:/C:/Users/varrsha/.m2/repository/org/apache/httpcomponents/httpclient/4.3.6/httpclient-4.3.6.jar, file:/C:/Users/varrsha/.m2/repository/org/springframework/boot/spring-boot-starter/1.1.5.RELEASE/spring-boot-starter-1.1.5.RELEASE.jar, file:/C:/Users/varrsha/.m2/repository/com/google/code/gson/gson/2.3.1/gson-2.3.1.jar, file:/C:/Users/varrsha/.m2/repository/org/hibernate/hibernate-validator/5.0.3.Final/hibernate-validator-5.0.3.Final.jar, file:/C:/Users/varrsha/.m2/repository/org/slf4j/log4j-over-slf4j/1.7.7/log4j-over-slf4j-1.7.7.jar, file:/C:/Users/varrsha/.m2/repository/com/fasterxml/classmate/1.0.0/classmate-1.0.0.jar, file:/C:/Users/varrsha/.m2/repository/org/springframework/boot/spring-boot-autoconfigure/1.1.5.RELEASE/spring-boot-autoconfigure-1.1.5.RELEASE.jar, file:/C:/Users/varrsha/.m2/repository/org/codehaus/jackson/jackson-mapper-asl/1.9.13/jackson-mapper-asl-1.9.13.jar, file:/C:/Users/varrsha/.m2/repository/org/slf4j/slf4j-api/1.7.7/slf4j-api-1.7.7.jar, file:/C:/Users/varrsha/.m2/repository/org/slf4j/jcl-over-slf4j/1.7.7/jcl-over-slf4j-1.7.7.jar, file:/C:/Users/varrsha/.m2/repository/org/springframework/spring-expression/4.0.6.RELEASE/spring-expression-4.0.6.RELEASE.jar, file:/C:/Users/varrsha/.m2/repository/org/apache/tomcat/embed/tomcat-embed-el/7.0.54/tomcat-embed-el-7.0.54.jar, file:/C:/Users/varrsha/.m2/repository/org/springframework/boot/spring-boot-starter-security/1.1.5.RELEASE/spring-boot-starter-security-1.1.5.RELEASE.jar, file:/C:/Users/varrsha/.m2/repository/ch/qos/logback/logback-classic/1.1.2/logback-classic-1.1.2.jar, file:/C:/Users/varrsha/.m2/repository/org/yaml/snakeyaml/1.13/snakeyaml-1.13.jar, file:/C:/Users/varrsha/.m2/repository/org/springframework/spring-context/4.0.6.RELEASE/spring-context-4.0.6.RELEASE.jar, file:/C:/Users/varrsha/.m2/repository/com/fasterxml/jackson/core/jackson-annotations/2.3.3/jackson-annotations-2.3.3.jar, file:/C:/Users/varrsha/.m2/repository/org/springframework/spring-webmvc/4.0.6.RELEASE/spring-webmvc-4.0.6.RELEASE.jar, file:/C:/Users/varrsha/.m2/repository/org/apache/httpcomponents/httpcore/4.3.3/httpcore-4.3.3.jar, file:/C:/Users/varrsha/.m2/repository/org/springframework/boot/spring-boot-starter-actuator/1.1.5.RELEASE/spring-boot-starter-actuator-1.1.5.RELEASE.jar, file:/C:/Users/varrsha/.m2/repository/com/fasterxml/jackson/core/jackson-core/2.3.3/jackson-core-2.3.3.jar, file:/C:/Users/varrsha/.m2/repository/org/springframework/boot/spring-boot-legacy/1.0.0.RELEASE/spring-boot-legacy-1.0.0.RELEASE.jar, file:/C:/Users/varrsha/.m2/repository/aopalliance/aopalliance/1.0/aopalliance-1.0.jar, file:/C:/Users/varrsha/.m2/repository/commons-codec/commons-codec/1.8/commons-codec-1.8.jar, file:/C:/Users/varrsha/.m2/repository/org/springframework/boot/spring-boot-starter-tomcat/1.1.5.RELEASE/spring-boot-starter-tomcat-1.1.5.RELEASE.jar, file:/C:/Users/varrsha/.m2/repository/org/jboss/logging/jboss-logging/3.1.1.GA/jboss-logging-3.1.1.GA.jar, file:/C:/Users/varrsha/.m2/repository/org/springframework/security/spring-security-core/3.2.4.RELEASE/spring-security-core-3.2.4.RELEASE.jar, file:/C:/Users/varrsha/.m2/repository/junit/junit/4.11/junit-4.11.jar, file:/C:/Users/varrsha/.m2/repository/org/apache/tomcat/embed/tomcat-embed-logging-juli/7.0.54/tomcat-embed-logging-juli-7.0.54.jar, file:/C:/Users/varrsha/.m2/repository/org/slf4j/jul-to-slf4j/1.7.7/jul-to-slf4j-1.7.7.jar, file:/C:/Users/varrsha/.m2/repository/org/springframework/boot/spring-boot/1.1.5.RELEASE/spring-boot-1.1.5.RELEASE.jar, file:/C:/Users/varrsha/.m2/repository/javax/validation/validation-api/1.1.0.Final/validation-api-1.1.0.Final.jar, file:/C:/Users/varrsha/.m2/repository/org/hamcrest/hamcrest-core/1.3/hamcrest-core-1.3.jar, file:/C:/Users/varrsha/.m2/repository/org/springframework/hateoas/spring-hateoas/0.16.0.RELEASE/spring-hateoas-0.16.0.RELEASE.jar, file:/C:/Users/varrsha/.m2/repository/org/json/json/20131018/json-20131018.jar, file:/C:/Users/varrsha/.m2/repository/org/springframework/spring-aop/4.0.6.RELEASE/spring-aop-4.0.6.RELEASE.jar, file:/C:/Users/varrsha/.m2/repository/org/springframework/spring-beans/4.0.6.RELEASE/spring-beans-4.0.6.RELEASE.jar, file:/C:/Users/varrsha/.m2/repository/org/springframework/security/oauth/spring-security-oauth2/1.0.0.RELEASE/spring-security-oauth2-1.0.0.RELEASE.jar, file:/C:/Users/varrsha/.m2/repository/org/springframework/security/spring-security-web/3.2.4.RELEASE/spring-security-web-3.2.4.RELEASE.jar, file:/C:/Users/varrsha/.m2/repository/org/codehaus/jackson/jackson-core-asl/1.9.13/jackson-core-asl-1.9.13.jar, file:/C:/Users/varrsha/.m2/repository/org/apache/oltu/oauth2/org.apache.oltu.oauth2.common/1.0.0/org.apache.oltu.oauth2.common-1.0.0.jar, file:/C:/Users/varrsha/.m2/repository/org/springframework/boot/spring-boot-starter-web/1.1.5.RELEASE/spring-boot-starter-web-1.1.5.RELEASE.jar, file:/C:/Users/varrsha/.m2/repository/com/fasterxml/jackson/core/jackson-databind/2.3.3/jackson-databind-2.3.3.jar, file:/C:/Users/varrsha/.m2/repository/ch/qos/logback/logback-core/1.1.2/logback-core-1.1.2.jar]
2015-04-07 12:36:18.096 ERROR 10616 [main] --- o.s.boot.SpringApplication               : Application startup failed

org.springframework.beans.factory.BeanCreationException: Error creating bean with name 'org.springframework.boot.context.properties.ConfigurationPropertiesBindingPostProcessor': Invocation of init method failed; nested exception is org.springframework.beans.factory.CannotLoadBeanClassException: Error loading class [com.vacation.order.bookingsync.api.BookingSyncAPIService] for bean with name 'bookingSyncAPIService' defined in file [D:\project\smartOrderBookingSyncApp\repo\target\classes\com\vacation\order\bookingsync\api\BookingSyncAPIService.class]: problem with class file or dependent class; nested exception is java.lang.UnsupportedClassVersionError: com/vacation/order/bookingsync/api/BookingSyncAPIService : Unsupported major.minor version 51.0
	at org.springframework.beans.factory.support.AbstractAutowireCapableBeanFactory.initializeBean(AbstractAutowireCapableBeanFactory.java:1553)
	at org.springframework.beans.factory.support.AbstractAutowireCapableBeanFactory.doCreateBean(AbstractAutowireCapableBeanFactory.java:539)
	at org.springframework.beans.factory.support.AbstractAutowireCapableBeanFactory.createBean(AbstractAutowireCapableBeanFactory.java:475)
	at org.springframework.beans.factory.support.AbstractBeanFactory$1.getObject(AbstractBeanFactory.java:302)
	at org.springframework.beans.factory.support.DefaultSingletonBeanRegistry.getSingleton(DefaultSingletonBeanRegistry.java:228)
	at org.springframework.beans.factory.support.AbstractBeanFactory.doGetBean(AbstractBeanFactory.java:298)
	at org.springframework.beans.factory.support.AbstractBeanFactory.getBean(AbstractBeanFactory.java:198)
	at org.springframework.context.support.PostProcessorRegistrationDelegate.registerBeanPostProcessors(PostProcessorRegistrationDelegate.java:199)
	at org.springframework.context.support.AbstractApplicationContext.registerBeanPostProcessors(AbstractApplicationContext.java:618)
	at org.springframework.context.support.AbstractApplicationContext.refresh(AbstractApplicationContext.java:467)
	at org.springframework.boot.context.embedded.EmbeddedWebApplicationContext.refresh(EmbeddedWebApplicationContext.java:120)
	at org.springframework.boot.SpringApplication.refresh(SpringApplication.java:691)
	at org.springframework.boot.SpringApplication.run(SpringApplication.java:320)
	at org.springframework.boot.SpringApplication.run(SpringApplication.java:952)
	at org.springframework.boot.SpringApplication.run(SpringApplication.java:941)
	at com.vacation.order.Application.main(Application.java:20)
Caused by: org.springframework.beans.factory.CannotLoadBeanClassException: Error loading class [com.vacation.order.bookingsync.api.BookingSyncAPIService] for bean with name 'bookingSyncAPIService' defined in file [D:\project\smartOrderBookingSyncApp\repo\target\classes\com\vacation\order\bookingsync\api\BookingSyncAPIService.class]: problem with class file or dependent class; nested exception is java.lang.UnsupportedClassVersionError: com/vacation/order/bookingsync/api/BookingSyncAPIService : Unsupported major.minor version 51.0
	at org.springframework.beans.factory.support.AbstractBeanFactory.resolveBeanClass(AbstractBeanFactory.java:1328)
	at org.springframework.beans.factory.support.AbstractAutowireCapableBeanFactory.predictBeanType(AbstractAutowireCapableBeanFactory.java:594)
	at org.springframework.beans.factory.support.AbstractBeanFactory.isFactoryBean(AbstractBeanFactory.java:1394)
	at org.springframework.beans.factory.support.DefaultListableBeanFactory.doGetBeanNamesForType(DefaultListableBeanFactory.java:385)
	at org.springframework.beans.factory.support.DefaultListableBeanFactory.getBeanNamesForType(DefaultListableBeanFactory.java:354)
	at org.springframework.beans.factory.support.DefaultListableBeanFactory.getBeanNamesForType(DefaultListableBeanFactory.java:348)
	at org.springframework.beans.factory.support.DefaultListableBeanFactory.getBean(DefaultListableBeanFactory.java:283)
	at org.springframework.boot.context.properties.ConfigurationPropertiesBindingPostProcessor.deducePropertySources(ConfigurationPropertiesBindingPostProcessor.java:207)
	at org.springframework.boot.context.properties.ConfigurationPropertiesBindingPostProcessor.afterPropertiesSet(ConfigurationPropertiesBindingPostProcessor.java:169)
	at org.springframework.beans.factory.support.AbstractAutowireCapableBeanFactory.invokeInitMethods(AbstractAutowireCapableBeanFactory.java:1612)
	at org.springframework.beans.factory.support.AbstractAutowireCapableBeanFactory.initializeBean(AbstractAutowireCapableBeanFactory.java:1549)
	... 15 common frames omitted
Caused by: java.lang.UnsupportedClassVersionError: com/vacation/order/bookingsync/api/BookingSyncAPIService : Unsupported major.minor version 51.0
	at java.lang.ClassLoader.defineClass1(Native Method)
	at java.lang.ClassLoader.defineClassCond(ClassLoader.java:631)
	at java.lang.ClassLoader.defineClass(ClassLoader.java:615)
	at java.security.SecureClassLoader.defineClass(SecureClassLoader.java:141)
	at java.net.URLClassLoader.defineClass(URLClassLoader.java:283)
	at java.net.URLClassLoader.access$000(URLClassLoader.java:58)
	at java.net.URLClassLoader$1.run(URLClassLoader.java:197)
	at java.security.AccessController.doPrivileged(Native Method)
	at java.net.URLClassLoader.findClass(URLClassLoader.java:190)
	at java.lang.ClassLoader.loadClass(ClassLoader.java:306)
	at sun.misc.Launcher$AppClassLoader.loadClass(Launcher.java:301)
	at java.lang.ClassLoader.loadClass(ClassLoader.java:247)
	at org.springframework.util.ClassUtils.forName(ClassUtils.java:247)
	at org.springframework.beans.factory.support.AbstractBeanDefinition.resolveBeanClass(AbstractBeanDefinition.java:395)
	at org.springframework.beans.factory.support.AbstractBeanFactory.doResolveBeanClass(AbstractBeanFactory.java:1346)
	at org.springframework.beans.factory.support.AbstractBeanFactory.resolveBeanClass(AbstractBeanFactory.java:1317)
	... 25 common frames omitted

2015-04-08 15:07:01.131  INFO 7092 [main] --- com.vacation.order.Application           : Starting Application on Varrsha with PID 7092 (D:\project\smartOrderBookingSyncApp\repo\target\classes started by varrsha in D:\project\smartOrderBookingSyncApp\repo)
2015-04-08 15:07:01.186  INFO 7092 [main] --- ationConfigEmbeddedWebApplicationContext : Refreshing org.springframework.boot.context.embedded.AnnotationConfigEmbeddedWebApplicationContext@bb273cc: startup date [Wed Apr 08 15:07:01 IST 2015]; root of context hierarchy
2015-04-08 15:07:02.142  INFO 7092 [main] --- o.s.b.f.s.DefaultListableBeanFactory     : Overriding bean definition for bean 'beanNameViewResolver': replacing [Root bean: class [null]; scope=; abstract=false; lazyInit=false; autowireMode=3; dependencyCheck=0; autowireCandidate=true; primary=false; factoryBeanName=org.springframework.boot.autoconfigure.web.ErrorMvcAutoConfiguration$WhitelabelErrorViewConfiguration; factoryMethodName=beanNameViewResolver; initMethodName=null; destroyMethodName=(inferred); defined in class path resource [org/springframework/boot/autoconfigure/web/ErrorMvcAutoConfiguration$WhitelabelErrorViewConfiguration.class]] with [Root bean: class [null]; scope=; abstract=false; lazyInit=false; autowireMode=3; dependencyCheck=0; autowireCandidate=true; primary=false; factoryBeanName=org.springframework.boot.autoconfigure.web.WebMvcAutoConfiguration$WebMvcAutoConfigurationAdapter; factoryMethodName=beanNameViewResolver; initMethodName=null; destroyMethodName=(inferred); defined in class path resource [org/springframework/boot/autoconfigure/web/WebMvcAutoConfiguration$WebMvcAutoConfigurationAdapter.class]]
2015-04-08 15:07:02.543  INFO 7092 [main] --- o.s.b.f.s.DefaultListableBeanFactory     : Overriding bean definition for bean 'ignoredPathsWebSecurityConfigurerAdapter': replacing [Root bean: class [null]; scope=; abstract=false; lazyInit=false; autowireMode=3; dependencyCheck=0; autowireCandidate=true; primary=false; factoryBeanName=org.springframework.boot.autoconfigure.security.SpringBootWebSecurityConfiguration; factoryMethodName=ignoredPathsWebSecurityConfigurerAdapter; initMethodName=null; destroyMethodName=(inferred); defined in class path resource [org/springframework/boot/autoconfigure/security/SpringBootWebSecurityConfiguration.class]] with [Root bean: class [null]; scope=; abstract=false; lazyInit=false; autowireMode=3; dependencyCheck=0; autowireCandidate=true; primary=false; factoryBeanName=org.springframework.boot.actuate.autoconfigure.ManagementSecurityAutoConfiguration; factoryMethodName=ignoredPathsWebSecurityConfigurerAdapter; initMethodName=null; destroyMethodName=(inferred); defined in class path resource [org/springframework/boot/actuate/autoconfigure/ManagementSecurityAutoConfiguration.class]]
2015-04-08 15:07:04.277  INFO 7092 [main] --- .t.TomcatEmbeddedServletContainerFactory : Server initialized with port: 8080
2015-04-08 15:07:04.829  INFO 7092 [main] --- o.apache.catalina.core.StandardService   : Starting service Tomcat
2015-04-08 15:07:04.831  INFO 7092 [main] --- org.apache.catalina.core.StandardEngine  : Starting Servlet Engine: Apache Tomcat/7.0.54
2015-04-08 15:07:05.047  INFO 7092 [localhost-startStop-1] --- o.a.c.c.C.[Tomcat].[localhost].[/]       : Initializing Spring embedded WebApplicationContext
2015-04-08 15:07:05.048  INFO 7092 [localhost-startStop-1] --- o.s.web.context.ContextLoader            : Root WebApplicationContext: initialization completed in 3865 ms
2015-04-08 15:07:06.721  INFO 7092 [localhost-startStop-1] --- o.s.b.a.e.mvc.EndpointHandlerMapping     : Mapped "{[/mappings],methods=[GET],params=[],headers=[],consumes=[],produces=[],custom=[]}" onto public java.lang.Object org.springframework.boot.actuate.endpoint.mvc.EndpointMvcAdapter.invoke()
2015-04-08 15:07:06.722  INFO 7092 [localhost-startStop-1] --- o.s.b.a.e.mvc.EndpointHandlerMapping     : Mapped "{[/beans],methods=[GET],params=[],headers=[],consumes=[],produces=[],custom=[]}" onto public java.lang.Object org.springframework.boot.actuate.endpoint.mvc.EndpointMvcAdapter.invoke()
2015-04-08 15:07:06.724  INFO 7092 [localhost-startStop-1] --- o.s.b.a.e.mvc.EndpointHandlerMapping     : Mapped "{[/env/{name:.*}],methods=[GET],params=[],headers=[],consumes=[],produces=[],custom=[]}" onto public java.lang.Object org.springframework.boot.actuate.endpoint.mvc.EnvironmentMvcEndpoint.value(java.lang.String)
2015-04-08 15:07:06.725  INFO 7092 [localhost-startStop-1] --- o.s.b.a.e.mvc.EndpointHandlerMapping     : Mapped "{[/env],methods=[GET],params=[],headers=[],consumes=[],produces=[],custom=[]}" onto public java.lang.Object org.springframework.boot.actuate.endpoint.mvc.EndpointMvcAdapter.invoke()
2015-04-08 15:07:06.726  INFO 7092 [localhost-startStop-1] --- o.s.b.a.e.mvc.EndpointHandlerMapping     : Mapped "{[/shutdown],methods=[POST],params=[],headers=[],consumes=[],produces=[],custom=[]}" onto public java.lang.Object org.springframework.boot.actuate.endpoint.mvc.ShutdownMvcEndpoint.invoke()
2015-04-08 15:07:06.727  INFO 7092 [localhost-startStop-1] --- o.s.b.a.e.mvc.EndpointHandlerMapping     : Mapped "{[/dump],methods=[GET],params=[],headers=[],consumes=[],produces=[],custom=[]}" onto public java.lang.Object org.springframework.boot.actuate.endpoint.mvc.EndpointMvcAdapter.invoke()
2015-04-08 15:07:06.729  INFO 7092 [localhost-startStop-1] --- o.s.b.a.e.mvc.EndpointHandlerMapping     : Mapped "{[/health],methods=[],params=[],headers=[],consumes=[],produces=[],custom=[]}" onto public java.lang.Object org.springframework.boot.actuate.endpoint.mvc.HealthMvcEndpoint.invoke()
2015-04-08 15:07:06.732  INFO 7092 [localhost-startStop-1] --- o.s.b.a.e.mvc.EndpointHandlerMapping     : Mapped "{[/metrics/{name:.*}],methods=[GET],params=[],headers=[],consumes=[],produces=[],custom=[]}" onto public java.lang.Object org.springframework.boot.actuate.endpoint.mvc.MetricsMvcEndpoint.value(java.lang.String)
2015-04-08 15:07:06.733  INFO 7092 [localhost-startStop-1] --- o.s.b.a.e.mvc.EndpointHandlerMapping     : Mapped "{[/metrics],methods=[GET],params=[],headers=[],consumes=[],produces=[],custom=[]}" onto public java.lang.Object org.springframework.boot.actuate.endpoint.mvc.EndpointMvcAdapter.invoke()
2015-04-08 15:07:06.734  INFO 7092 [localhost-startStop-1] --- o.s.b.a.e.mvc.EndpointHandlerMapping     : Mapped "{[/autoconfig],methods=[GET],params=[],headers=[],consumes=[],produces=[],custom=[]}" onto public java.lang.Object org.springframework.boot.actuate.endpoint.mvc.EndpointMvcAdapter.invoke()
2015-04-08 15:07:06.735  INFO 7092 [localhost-startStop-1] --- o.s.b.a.e.mvc.EndpointHandlerMapping     : Mapped "{[/info],methods=[GET],params=[],headers=[],consumes=[],produces=[],custom=[]}" onto public java.lang.Object org.springframework.boot.actuate.endpoint.mvc.EndpointMvcAdapter.invoke()
2015-04-08 15:07:06.736  INFO 7092 [localhost-startStop-1] --- o.s.b.a.e.mvc.EndpointHandlerMapping     : Mapped "{[/configprops],methods=[GET],params=[],headers=[],consumes=[],produces=[],custom=[]}" onto public java.lang.Object org.springframework.boot.actuate.endpoint.mvc.EndpointMvcAdapter.invoke()
2015-04-08 15:07:06.737  INFO 7092 [localhost-startStop-1] --- o.s.b.a.e.mvc.EndpointHandlerMapping     : Mapped "{[/trace],methods=[GET],params=[],headers=[],consumes=[],produces=[],custom=[]}" onto public java.lang.Object org.springframework.boot.actuate.endpoint.mvc.EndpointMvcAdapter.invoke()
2015-04-08 15:07:06.934  INFO 7092 [localhost-startStop-1] --- b.a.s.AuthenticationManagerConfiguration : 

Using default security password: 4db35e9e-adb0-46f3-a9dd-b54e1b4173e6


2015-04-08 15:07:07.053  INFO 7092 [localhost-startStop-1] --- o.s.s.web.DefaultSecurityFilterChain     : Creating filter chain: Ant [pattern='/css/**'], []
2015-04-08 15:07:07.054  INFO 7092 [localhost-startStop-1] --- o.s.s.web.DefaultSecurityFilterChain     : Creating filter chain: Ant [pattern='/js/**'], []
2015-04-08 15:07:07.054  INFO 7092 [localhost-startStop-1] --- o.s.s.web.DefaultSecurityFilterChain     : Creating filter chain: Ant [pattern='/images/**'], []
2015-04-08 15:07:07.055  INFO 7092 [localhost-startStop-1] --- o.s.s.web.DefaultSecurityFilterChain     : Creating filter chain: Ant [pattern='/**/favicon.ico'], []
2015-04-08 15:07:07.055  INFO 7092 [localhost-startStop-1] --- o.s.s.web.DefaultSecurityFilterChain     : Creating filter chain: Ant [pattern='/health'], []
2015-04-08 15:07:07.055  INFO 7092 [localhost-startStop-1] --- o.s.s.web.DefaultSecurityFilterChain     : Creating filter chain: Ant [pattern='/info'], []
2015-04-08 15:07:07.055  INFO 7092 [localhost-startStop-1] --- o.s.s.web.DefaultSecurityFilterChain     : Creating filter chain: Ant [pattern='/error'], []
2015-04-08 15:07:07.106  INFO 7092 [localhost-startStop-1] --- o.s.s.web.DefaultSecurityFilterChain     : Creating filter chain: OrRequestMatcher [requestMatchers=[Ant [pattern='/mappings'], Ant [pattern='/mappings/'], Ant [pattern='/mappings.*'], Ant [pattern='/beans'], Ant [pattern='/beans/'], Ant [pattern='/beans.*'], Ant [pattern='/env'], Ant [pattern='/env/'], Ant [pattern='/env.*'], Ant [pattern='/shutdown'], Ant [pattern='/shutdown/'], Ant [pattern='/shutdown.*'], Ant [pattern='/dump'], Ant [pattern='/dump/'], Ant [pattern='/dump.*'], Ant [pattern='/metrics'], Ant [pattern='/metrics/'], Ant [pattern='/metrics.*'], Ant [pattern='/autoconfig'], Ant [pattern='/autoconfig/'], Ant [pattern='/autoconfig.*'], Ant [pattern='/configprops'], Ant [pattern='/configprops/'], Ant [pattern='/configprops.*'], Ant [pattern='/trace'], Ant [pattern='/trace/'], Ant [pattern='/trace.*']]], [org.springframework.security.web.context.request.async.WebAsyncManagerIntegrationFilter@609e7d46, org.springframework.security.web.context.SecurityContextPersistenceFilter@961401f, org.springframework.security.web.header.HeaderWriterFilter@36a75e9f, org.springframework.security.web.authentication.logout.LogoutFilter@45135cd9, org.springframework.security.web.authentication.www.BasicAuthenticationFilter@4d30c132, org.springframework.security.web.savedrequest.RequestCacheAwareFilter@683a3e1b, org.springframework.security.web.servletapi.SecurityContextHolderAwareRequestFilter@792e4e8c, org.springframework.security.web.session.SessionManagementFilter@5b2eda6f, org.springframework.security.web.access.ExceptionTranslationFilter@26e2e276, org.springframework.security.web.access.intercept.FilterSecurityInterceptor@20688e91]
2015-04-08 15:07:07.113  INFO 7092 [localhost-startStop-1] --- o.s.s.web.DefaultSecurityFilterChain     : Creating filter chain: OrRequestMatcher [requestMatchers=[Ant [pattern='/**']]], [org.springframework.security.web.context.request.async.WebAsyncManagerIntegrationFilter@6ec44aaf, org.springframework.security.web.context.SecurityContextPersistenceFilter@478dabf1, org.springframework.security.web.header.HeaderWriterFilter@118eb00c, org.springframework.security.web.authentication.logout.LogoutFilter@55f49969, org.springframework.security.web.authentication.www.BasicAuthenticationFilter@2d83e895, org.springframework.security.web.savedrequest.RequestCacheAwareFilter@26137fea, org.springframework.security.web.servletapi.SecurityContextHolderAwareRequestFilter@4a32ef2d, org.springframework.security.web.authentication.AnonymousAuthenticationFilter@19035ff9, org.springframework.security.web.session.SessionManagementFilter@2ec7ecd5, org.springframework.security.web.access.ExceptionTranslationFilter@44dd20b6, org.springframework.security.web.access.intercept.FilterSecurityInterceptor@79fb80c9]
2015-04-08 15:07:07.288  INFO 7092 [localhost-startStop-1] --- o.s.b.c.e.ServletRegistrationBean        : Mapping servlet: 'dispatcherServlet' to [/]
2015-04-08 15:07:07.292  INFO 7092 [localhost-startStop-1] --- o.s.b.c.embedded.FilterRegistrationBean  : Mapping filter: 'metricFilter' to: [/*]
2015-04-08 15:07:07.293  INFO 7092 [localhost-startStop-1] --- o.s.b.c.embedded.FilterRegistrationBean  : Mapping filter: 'hiddenHttpMethodFilter' to: [/*]
2015-04-08 15:07:07.294  INFO 7092 [localhost-startStop-1] --- o.s.b.c.embedded.FilterRegistrationBean  : Mapping filter: 'springSecurityFilterChain' to: [/*]
2015-04-08 15:07:07.295  INFO 7092 [localhost-startStop-1] --- o.s.b.c.embedded.FilterRegistrationBean  : Mapping filter: 'applicationContextIdFilter' to: [/*]
2015-04-08 15:07:07.295  INFO 7092 [localhost-startStop-1] --- o.s.b.c.embedded.FilterRegistrationBean  : Mapping filter: 'webRequestLoggingFilter' to: [/*]
2015-04-08 15:07:07.620  INFO 7092 [main] --- o.s.w.s.handler.SimpleUrlHandlerMapping  : Mapped URL path [/**/favicon.ico] onto handler of type [class org.springframework.web.servlet.resource.ResourceHttpRequestHandler]
2015-04-08 15:07:07.656  INFO 7092 [main] --- s.w.s.m.m.a.RequestMappingHandlerMapping : Mapped "{[/bookingSyncAPIService/calculateAndPersistScore],methods=[GET],params=[],headers=[],consumes=[],produces=[],custom=[]}" onto public void com.vacation.order.bookingsync.api.BookingSyncAPIService.calculateAndPersistScore()
2015-04-08 15:07:07.658  INFO 7092 [main] --- s.w.s.m.m.a.RequestMappingHandlerMapping : Mapped "{[/bookingSyncOAuthClient/refreshToken],methods=[GET],params=[],headers=[],consumes=[],produces=[],custom=[]}" onto public java.lang.String com.vacation.order.bookingsync.oauth.BookingSyncOAuthClient.refreshToken()
2015-04-08 15:07:07.658  INFO 7092 [main] --- s.w.s.m.m.a.RequestMappingHandlerMapping : Mapped "{[/bookingSyncOAuthClient/pingService],methods=[GET],params=[],headers=[],consumes=[],produces=[],custom=[]}" onto public java.lang.String com.vacation.order.bookingsync.oauth.BookingSyncOAuthClient.pingService()
2015-04-08 15:07:07.658  INFO 7092 [main] --- s.w.s.m.m.a.RequestMappingHandlerMapping : Mapped "{[/bookingSyncOAuthClient/authorize],methods=[GET],params=[],headers=[],consumes=[],produces=[],custom=[]}" onto public java.lang.String com.vacation.order.bookingsync.oauth.BookingSyncOAuthClient.authorize(javax.servlet.http.HttpServletResponse)
2015-04-08 15:07:07.659  INFO 7092 [main] --- s.w.s.m.m.a.RequestMappingHandlerMapping : Mapped "{[/bookingSyncOAuthClient/redirect],methods=[GET],params=[],headers=[],consumes=[],produces=[],custom=[]}" onto public void com.vacation.order.bookingsync.oauth.BookingSyncOAuthClient.redirect(java.lang.String)
2015-04-08 15:07:07.663  INFO 7092 [main] --- s.w.s.m.m.a.RequestMappingHandlerMapping : Mapped "{[/vr-pms/smartorder],methods=[POST],params=[],headers=[],consumes=[application/json],produces=[application/json],custom=[]}" onto public com.vacation.order.wrapper.ProductContextWrapper com.vacation.order.controller.SmartOrderingController.sortProductUsingType(com.vacation.order.wrapper.ProductWrapper)
2015-04-08 15:07:07.663  INFO 7092 [main] --- s.w.s.m.m.a.RequestMappingHandlerMapping : Mapped "{[/vr-pms/smartorder/{type}],methods=[POST],params=[],headers=[],consumes=[application/json],produces=[application/json],custom=[]}" onto public com.vacation.order.wrapper.ProductContextWrapper com.vacation.order.controller.SmartOrderingController.sortProduct(java.lang.String,com.vacation.order.wrapper.ProductWrapper)
2015-04-08 15:07:07.666  INFO 7092 [main] --- s.w.s.m.m.a.RequestMappingHandlerMapping : Mapped "{[/error],methods=[],params=[],headers=[],consumes=[],produces=[],custom=[]}" onto public org.springframework.http.ResponseEntity<java.util.Map<java.lang.String, java.lang.Object>> org.springframework.boot.autoconfigure.web.BasicErrorController.error(javax.servlet.http.HttpServletRequest)
2015-04-08 15:07:07.667  INFO 7092 [main] --- s.w.s.m.m.a.RequestMappingHandlerMapping : Mapped "{[/error],methods=[],params=[],headers=[],consumes=[],produces=[text/html],custom=[]}" onto public org.springframework.web.servlet.ModelAndView org.springframework.boot.autoconfigure.web.BasicErrorController.errorHtml(javax.servlet.http.HttpServletRequest)
2015-04-08 15:07:07.692  INFO 7092 [main] --- o.s.w.s.handler.SimpleUrlHandlerMapping  : Mapped URL path [/**] onto handler of type [class org.springframework.web.servlet.resource.ResourceHttpRequestHandler]
2015-04-08 15:07:07.693  INFO 7092 [main] --- o.s.w.s.handler.SimpleUrlHandlerMapping  : Mapped URL path [/webjars/**] onto handler of type [class org.springframework.web.servlet.resource.ResourceHttpRequestHandler]
2015-04-08 15:07:08.008  INFO 7092 [main] --- o.s.j.e.a.AnnotationMBeanExporter        : Registering beans for JMX exposure on startup
2015-04-08 15:07:08.071  INFO 7092 [main] --- o.s.b.a.e.jmx.EndpointMBeanExporter      : Registering beans for JMX exposure on startup
2015-04-08 15:07:08.086  INFO 7092 [main] --- o.s.c.support.DefaultLifecycleProcessor  : Starting beans in phase 0
2015-04-08 15:07:08.089  INFO 7092 [main] --- o.s.b.a.e.jmx.EndpointMBeanExporter      : Located managed bean 'requestMappingEndpoint': registering with JMX server as MBean [org.springframework.boot:type=Endpoint,name=requestMappingEndpoint]
2015-04-08 15:07:08.132  INFO 7092 [main] --- o.s.b.a.e.jmx.EndpointMBeanExporter      : Located managed bean 'environmentEndpoint': registering with JMX server as MBean [org.springframework.boot:type=Endpoint,name=environmentEndpoint]
2015-04-08 15:07:08.142  INFO 7092 [main] --- o.s.b.a.e.jmx.EndpointMBeanExporter      : Located managed bean 'healthEndpoint': registering with JMX server as MBean [org.springframework.boot:type=Endpoint,name=healthEndpoint]
2015-04-08 15:07:08.150  INFO 7092 [main] --- o.s.b.a.e.jmx.EndpointMBeanExporter      : Located managed bean 'beansEndpoint': registering with JMX server as MBean [org.springframework.boot:type=Endpoint,name=beansEndpoint]
2015-04-08 15:07:08.161  INFO 7092 [main] --- o.s.b.a.e.jmx.EndpointMBeanExporter      : Located managed bean 'infoEndpoint': registering with JMX server as MBean [org.springframework.boot:type=Endpoint,name=infoEndpoint]
2015-04-08 15:07:08.172  INFO 7092 [main] --- o.s.b.a.e.jmx.EndpointMBeanExporter      : Located managed bean 'metricsEndpoint': registering with JMX server as MBean [org.springframework.boot:type=Endpoint,name=metricsEndpoint]
2015-04-08 15:07:08.184  INFO 7092 [main] --- o.s.b.a.e.jmx.EndpointMBeanExporter      : Located managed bean 'traceEndpoint': registering with JMX server as MBean [org.springframework.boot:type=Endpoint,name=traceEndpoint]
2015-04-08 15:07:08.194  INFO 7092 [main] --- o.s.b.a.e.jmx.EndpointMBeanExporter      : Located managed bean 'dumpEndpoint': registering with JMX server as MBean [org.springframework.boot:type=Endpoint,name=dumpEndpoint]
2015-04-08 15:07:08.207  INFO 7092 [main] --- o.s.b.a.e.jmx.EndpointMBeanExporter      : Located managed bean 'autoConfigurationAuditEndpoint': registering with JMX server as MBean [org.springframework.boot:type=Endpoint,name=autoConfigurationAuditEndpoint]
2015-04-08 15:07:08.218  INFO 7092 [main] --- o.s.b.a.e.jmx.EndpointMBeanExporter      : Located managed bean 'shutdownEndpoint': registering with JMX server as MBean [org.springframework.boot:type=Endpoint,name=shutdownEndpoint]
2015-04-08 15:07:08.234  INFO 7092 [main] --- o.s.b.a.e.jmx.EndpointMBeanExporter      : Located managed bean 'configurationPropertiesReportEndpoint': registering with JMX server as MBean [org.springframework.boot:type=Endpoint,name=configurationPropertiesReportEndpoint]
2015-04-08 15:07:11.327  INFO 7092 [main] --- s.b.c.e.t.TomcatEmbeddedServletContainer : Tomcat started on port(s): 8080/http
2015-04-08 15:07:11.332  INFO 7092 [main] --- com.vacation.order.Application           : Started Application in 10.823 seconds (JVM running for 11.282)
